\BOOKMARK [-1][-]{part.1}{I The Report}{}
\BOOKMARK [0][-]{chapter.1}{Introduction}{part.1}
\BOOKMARK [1][-]{section.1.1}{The Hello World Problem}{chapter.1}
\BOOKMARK [1][-]{section.1.2}{Why my problem is interesting}{chapter.1}
\BOOKMARK [1][-]{section.1.3}{The layout of my report}{chapter.1}
\BOOKMARK [0][-]{chapter.2}{Background}{part.1}
\BOOKMARK [1][-]{section.2.1}{The Problem being solved}{chapter.2}
\BOOKMARK [2][-]{subsection.2.1.1}{How other People Have Solved it}{section.2.1}
\BOOKMARK [1][-]{section.2.2}{The Science and Technology needed to solve it}{chapter.2}
\BOOKMARK [2][-]{subsection.2.2.1}{In various sections, describing the technological tools you'll use}{section.2.2}
\BOOKMARK [0][-]{chapter.3}{Project Description}{part.1}
\BOOKMARK [1][-]{section.3.1}{Introduction}{chapter.3}
\BOOKMARK [1][-]{section.3.2}{Textual Description of what you have built}{chapter.3}
\BOOKMARK [2][-]{subsection.3.2.1}{Divided into subsections}{section.3.2}
\BOOKMARK [2][-]{subsection.3.2.2}{Block Diagram}{section.3.2}
\BOOKMARK [1][-]{section.3.3}{Work Plan}{chapter.3}
\BOOKMARK [0][-]{chapter.4}{System Evaluation}{part.1}
\BOOKMARK [1][-]{section.4.1}{How my system/software can be tested}{chapter.4}
\BOOKMARK [1][-]{section.4.2}{The results of testing my system/software}{chapter.4}
\BOOKMARK [1][-]{section.4.3}{How I might improve my project based on this evaluation}{chapter.4}
\BOOKMARK [0][-]{chapter.5}{Summary and Conclusions}{part.1}
\BOOKMARK [1][-]{section.5.1}{Summary of the Project}{chapter.5}
\BOOKMARK [2][-]{subsection.5.1.1}{Goals}{section.5.1}
\BOOKMARK [2][-]{subsection.5.1.2}{Outcomes}{section.5.1}
\BOOKMARK [1][-]{section.5.2}{Conclusions Drawn from the Project}{chapter.5}
\BOOKMARK [0][-]{chapter.6}{Project Self-Evaluation}{part.1}
\BOOKMARK [1][-]{section.6.1}{Introduction}{chapter.6}
\BOOKMARK [1][-]{section.6.2}{Project outcomes}{chapter.6}
\BOOKMARK [1][-]{section.6.3}{Project planning}{chapter.6}
\BOOKMARK [1][-]{section.6.4}{Self-evaluation}{chapter.6}
\BOOKMARK [-1][-]{part.2}{II appendix}{}
\BOOKMARK [0][-]{chapter.7}{Java Program}{part.2}
\BOOKMARK [1][-]{section.7.1}{Useful Information}{chapter.7}
\BOOKMARK [2][-]{subsection.7.1.1}{Help with LaTeX}{section.7.1}
\BOOKMARK [2][-]{subsection.7.1.2}{An important thing to note!!}{section.7.1}
